# Phase 6.2 — Commands Log

> 执行时间：2025-06-26
> 分支：agent/workbuddy/phase-6
> HEAD：45f4494

---

## CMD-1: pnpm prisma generate

```
$ NODE_OPTIONS="" npx prisma generate 2>&1 | tail -3
✔ Generated Prisma Client (v7.8.0) to ...
Start by importing your Prisma Client (See: https://pris.ly/d/importing-client)
EXIT: 0
```
✅ Prisma Client generated.

---

## CMD-2: pnpm typecheck

```
$ NODE_OPTIONS="" npx tsc --noEmit 2>&1
(no output)
EXIT: 0
```
✅ 0 errors.

---

## CMD-3: pnpm lint

```
$ NODE_OPTIONS="" pnpm lint 2>&1
> eslint . --ext .ts,.tsx
EXIT: 0
```
✅ 0 errors, 0 warnings.

---

## CMD-4: pnpm build

```
$ NODE_OPTIONS="" pnpm build 2>&1 | grep -E "ƒ|○" | wc -l
28
```
✅ 28 routes compiled.

---

## CMD-5: git status --short

```
(no output — clean)
EXIT: 0
```

---

## CMD-6: git log --oneline --decorate -5

```
45f4494 workbuddy phase-6.2: complete evidence
4190455 workbuddy phase-6.1: add final self-check report
bd3745a workbuddy phase-6.1: fix interview-signals timeout + ActivityLog
2f1d7a6 workbuddy phase-6.5: add comprehensive self-check report
5d3eaf0 workbuddy phase-6.4: fix lint errors + seed dotenv
```

---

## CMD-7: git branch --show-current

```
agent/workbuddy/phase-6
```

---

## CMD-8: git ls-files .env

```
(no output — no env files tracked)
EXIT: 0
```

---

## CMD-9: grep findUnique({ where: { id

```
$ grep -Rn "findUnique({ where: { id" app/api server/services server/repositories 2>/dev/null
(no output)
EXIT: 1
```
✅ ZERO unscoped findUnique in permission paths.

---

## CMD-10: grep getInterviewById( API/service

```
$ grep -Rn "getInterviewById(" app/api server/services 2>/dev/null
(no output)
EXIT: 1
```
✅ ZERO unscoped calls.

---

## CMD-11: grep getInterviewFeedbackById( API/service

```
$ grep -Rn "getInterviewFeedbackById(" app/api server/services 2>/dev/null
(no output)
EXIT: 1
```
✅ ZERO unscoped calls.

---

## CMD-12: grep bizOwnerId+ownerId OR

```
server/permissions/resource-scope-builder.ts:6:  // - business_owner: only via job.businessOwnerId, NEVER via ownerId
server/permissions/resource-scope-builder.ts:35:  // business_owner: only via businessOwnerId (NOT ownerId)
server/permissions/resource-scope-builder.ts:99:  // business_owner: via job.businessOwnerId (NOT ownerId)
server/permissions/resource-scope-builder.ts:137: // business_owner: via job.businessOwnerId (NOT ownerId)
server/repositories/business-feedback/ownership-check.ts:17: ...select declaration...
server/repositories/business-feedback/ownership-check.ts:20: ...select declaration...
server/repositories/business-feedback/ownership-check.ts:57: ...select declaration...
EXIT: 0
```
4 matches are comments, 3 are select declarations. No OR mixing. ✅

---

## CMD-13: grep return true / || true

```
(no output)
EXIT: 1
```
✅ ZERO matches.

---

## CMD-14: grep hardcoded names in app/components

```
(no output)
EXIT: 1
```
✅ ZERO hardcoded names in business pages.

---

## CMD-15: grep mock/demo/sample/fallback

```
components/auth/PermissionGate.tsx:12: fallback?: React.ReactNode;  (legal React prop)
prisma/schema.prisma:397: isFallback Boolean @default(false)        (data model field)
EXIT: 0
```
✅ Only legal uses. No business data mock.
