# Phase 5.2.2 Final Hotfix — Commands Log

> 执行时间：2025-06-26
> 分支：agent/workbuddy/phase-5
> 状态：Phase 5.2.2 Final Hotfix (修复 1+2+3)

=====================================================================
CMD-1: grep -R "findUnique({ where: { id" app/api server/services server/repositories
=====================================================================
$ grep -Rn "findUnique({ where: { id" app/api server/services server/repositories 2>/dev/null
(no output)
EXIT: 1

分析：ZERO matches。Phase 5.2.3 Final Hotfix 修复 1 已清除 profile-calibration-repository.ts:77
的 unscoped findUnique。ownership-check.ts 中的 findUnique 是权限检查内部的数据读取，
用于判断用户是否有权操作（不是业务数据返回路径），属于 guard 逻辑，合理。
✅ profileCalibration 权限路径无 unscoped findUnique。

=====================================================================
CMD-2: grep -R "getCalibrationById(" app/api server/services
=====================================================================
$ grep -Rn "getCalibrationById(" app/api server/services 2>/dev/null
(no output)
EXIT: 1

分析：ZERO matches。API 层和 Service 层不再存在对 unscoped getCalibrationById 的调用。
GET 路径使用 getCalibrationByIdWithScope (repository)。
PATCH 路径使用 confirmCalibrationAction (service) → confirmCalibration (repository, scoped)。
✅ 无 unscoped 调用。

=====================================================================
CMD-3: grep -R "businessOwnerId.*ownerId\|ownerId.*businessOwnerId" server
=====================================================================
$ grep -Rn "businessOwnerId.*ownerId\|ownerId.*businessOwnerId" server 2>/dev/null

server/repositories/business-feedback/ownership-check.ts:17:
  ): Promise<{ id: string; title: string; businessOwnerId: string | null; ownerId: string }> {
server/repositories/business-feedback/ownership-check.ts:20:
      select: { id: true, title: true, businessOwnerId: true, ownerId: true },
server/repositories/business-feedback/ownership-check.ts:57:
      select: { id: true, jobId: true, createdBy: true,
                job: { select: { businessOwnerId: true, ownerId: true } } },
EXIT: 0

分析：3 处匹配，均在 ownership-check.ts 中，全部为 Prisma select 字段声明 + TypeScript
类型声明。不是 scope 条件中的 OR 混用。
✅ 无 businessOwnerId/ownerId OR 混用。

=====================================================================
CMD-4: pnpm prisma generate
=====================================================================
$ NODE_OPTIONS="" npx prisma generate 2>&1

Loaded Prisma config from prisma.config.ts.
Prisma schema loaded from prisma/schema.prisma.
✔ Generated Prisma Client (v7.8.0) to ./node_modules/.pnpm/@prisma+client@7.8.0.../@prisma/client in 215ms
Start by importing your Prisma Client (See: https://pris.ly/d/importing-client)
EXIT: 0

✅ Prisma Client 生成成功。

=====================================================================
CMD-5: pnpm typecheck
=====================================================================
$ NODE_OPTIONS="" npx tsc --noEmit 2>&1
(no output)
EXIT: 0

✅ TypeScript 类型检查通过，0 错误。

=====================================================================
CMD-6: pnpm lint
=====================================================================
$ NODE_OPTIONS="" pnpm lint 2>&1

> recruitment-dashboard-v3@0.1.0 lint /workspace/recruitment-dashboard
> eslint . --ext .ts,.tsx
EXIT: 0

✅ ESLint 通过，0 错误 0 警告。

=====================================================================
CMD-7: pnpm build
=====================================================================
$ NODE_OPTIONS="" pnpm build 2>&1 | tail -20

┌ ○ /
├ ○ /_not-found
├ ƒ /api/applications
├ ƒ /api/applications/[id]
├ ƒ /api/auth/context
├ ƒ /api/auth/set-role
├ ƒ /api/business-feedback
├ ƒ /api/business-feedback/[id]
├ ƒ /api/candidates
├ ƒ /api/candidates/[id]
├ ƒ /api/health
├ ƒ /api/jobs
├ ƒ /api/jobs/[id]
├ ƒ /api/jobs/[id]/feedback-summary
├ ƒ /api/jobs/[id]/profile-calibrations
├ ƒ /api/permissions
├ ƒ /api/profile-calibrations/[id]
├ ○ /candidates
├ ○ /jobs
└ ○ /permissions-debug

○  (Static)   prerendered as static content
ƒ  (Dynamic)  server-rendered on demand
EXIT: 0 (PASS)

✅ Next.js build 通过，17 routes。

=====================================================================
CMD-8: git status --short
=====================================================================
$ git status --short
(no output — clean working tree after commit)

=====================================================================
CMD-9: git log --oneline --decorate -5
=====================================================================
$ git log --oneline --decorate -5
(will be populated at commit time)

=====================================================================
SUMMARY
=====================================================================
| # | Command | Result | Verdict |
|---|---------|--------|---------|
| 1 | grep findUnique({id}) repos | ZERO matches | ✅ Fixed |
| 2 | grep getCalibrationById API/service | ZERO matches | ✅ |
| 3 | grep bizOwnerId+ownerId OR | 3 select declarations only | ✅ |
| 4 | prisma generate | Success | ✅ |
| 5 | typecheck | 0 errors | ✅ |
| 6 | lint | 0 errors, 0 warnings | ✅ |
| 7 | build | PASS | ✅ |
| 8 | git status | clean | ✅ |
