# Phase 7.4B — Commands Log

> 日期：2025-06-26
> 分支：agent/workbuddy/phase-7
> HEAD：待确认

## CMD-1: pnpm typecheck
```
(no output)
EXIT: 0
```

## CMD-2: pnpm lint
```
> eslint . --ext .ts,.tsx
EXIT: 0
```

## CMD-3: pnpm build
```
○ /actions (Static) prerendered as static content
EXIT: 0
```

## CMD-4: ls -la screenshots/phase-7.4b/
```
action-detail-drawer-activity.png        421KB
action-detail-drawer-linked-context.png  422KB
action-detail-drawer-loading.png         492KB
action-detail-drawer-overview.png        492KB
action-detail-drawer-permission-denied.png 379KB
action-list-main.png                     540KB
create-action-modal.png                  492KB
create-action-success.png                496KB
create-action-validation-error.png       486KB
dismiss-action-modal.png                 471KB
dismiss-action-success.png               474KB
resolve-action-modal.png                 473KB
resolve-action-success.png               469KB
EXIT: 0
```

## CMD-5: npx tsx scripts/phase-7.4b-screenshots.ts
```
🚀 Phase 7.4B Screenshot Automation starting...
✅ All 13 screenshots captured successfully!
EXIT: 0
```

## CMD-6: git status --short
```
?? screenshots/phase-7.4b/
?? scripts/phase-7.4b-screenshots.ts
(only untracked screenshots + script)
```

## CMD-7: git branch --show-current
```
agent/workbuddy/phase-7
```

## CMD-8: git diff --stat
```
(no uncommitted changes except untracked files)
```

## CMD-9: grep findUnique({ where: { id
```
(no output)
EXIT: 1
```

## CMD-10: grep prisma. in app/api/actions/
```
(no output)
EXIT: 1
```

## CMD-11: grep mock/demo/sample/fallback in app/ components/
```
components/auth/PermissionGate.tsx: fallback React prop (legal)
EXIT: 0
```

## CMD-12: grep const .*Data.*= \[ in app/ components/
```
(no output)
EXIT: 1
```

## Summary
| CMD | Result |
|-----|--------|
| typecheck | ✅ 0 errors |
| lint | ✅ 0 errors |
| build | ✅ PASS |
| 13 screenshots | ✅ ALL captured |
| findUnique | ✅ ZERO |
| prisma in API routes | ✅ ZERO |
| mock/demo | ✅ legal only |
| const Data arrays | ✅ ZERO |
